Linked: (/home/ur3/catkin_FrankaPanda/devel/.private/franka_core_msgs/share/franka_core_msgs/cmake/franka_core_msgsConfig-version.cmake, /home/ur3/catkin_FrankaPanda/devel/share/franka_core_msgs/cmake/franka_core_msgsConfig-version.cmake)
Linked: (/home/ur3/catkin_FrankaPanda/devel/.private/franka_core_msgs/share/franka_core_msgs/cmake/franka_core_msgsConfig.cmake, /home/ur3/catkin_FrankaPanda/devel/share/franka_core_msgs/cmake/franka_core_msgsConfig.cmake)
Linked: (/home/ur3/catkin_FrankaPanda/devel/.private/franka_core_msgs/share/franka_core_msgs/cmake/franka_core_msgs-msg-paths.cmake, /home/ur3/catkin_FrankaPanda/devel/share/franka_core_msgs/cmake/franka_core_msgs-msg-paths.cmake)
Linked: (/home/ur3/catkin_FrankaPanda/devel/.private/franka_core_msgs/share/franka_core_msgs/cmake/franka_core_msgs-msg-extras.cmake, /home/ur3/catkin_FrankaPanda/devel/share/franka_core_msgs/cmake/franka_core_msgs-msg-extras.cmake)
Linked: (/home/ur3/catkin_FrankaPanda/devel/.private/franka_core_msgs/share/common-lisp/ros/franka_core_msgs/msg/JointLimits.lisp, /home/ur3/catkin_FrankaPanda/devel/share/common-lisp/ros/franka_core_msgs/msg/JointLimits.lisp)
Linked: (/home/ur3/catkin_FrankaPanda/devel/.private/franka_core_msgs/share/common-lisp/ros/franka_core_msgs/msg/_package_JointControllerStates.lisp, /home/ur3/catkin_FrankaPanda/devel/share/common-lisp/ros/franka_core_msgs/msg/_package_JointControllerStates.lisp)
Linked: (/home/ur3/catkin_FrankaPanda/devel/.private/franka_core_msgs/share/common-lisp/ros/franka_core_msgs/msg/_package.lisp, /home/ur3/catkin_FrankaPanda/devel/share/common-lisp/ros/franka_core_msgs/msg/_package.lisp)
Linked: (/home/ur3/catkin_FrankaPanda/devel/.private/franka_core_msgs/share/common-lisp/ros/franka_core_msgs/msg/JointCommand.lisp, /home/ur3/catkin_FrankaPanda/devel/share/common-lisp/ros/franka_core_msgs/msg/JointCommand.lisp)
Linked: (/home/ur3/catkin_FrankaPanda/devel/.private/franka_core_msgs/share/common-lisp/ros/franka_core_msgs/msg/EndPointState.lisp, /home/ur3/catkin_FrankaPanda/devel/share/common-lisp/ros/franka_core_msgs/msg/EndPointState.lisp)
Linked: (/home/ur3/catkin_FrankaPanda/devel/.private/franka_core_msgs/share/common-lisp/ros/franka_core_msgs/msg/_package_JointLimits.lisp, /home/ur3/catkin_FrankaPanda/devel/share/common-lisp/ros/franka_core_msgs/msg/_package_JointLimits.lisp)
Linked: (/home/ur3/catkin_FrankaPanda/devel/.private/franka_core_msgs/share/common-lisp/ros/franka_core_msgs/msg/_package_JointCommand.lisp, /home/ur3/catkin_FrankaPanda/devel/share/common-lisp/ros/franka_core_msgs/msg/_package_JointCommand.lisp)
Linked: (/home/ur3/catkin_FrankaPanda/devel/.private/franka_core_msgs/share/common-lisp/ros/franka_core_msgs/msg/_package_RobotState.lisp, /home/ur3/catkin_FrankaPanda/devel/share/common-lisp/ros/franka_core_msgs/msg/_package_RobotState.lisp)
Linked: (/home/ur3/catkin_FrankaPanda/devel/.private/franka_core_msgs/share/common-lisp/ros/franka_core_msgs/msg/_package_EndPointState.lisp, /home/ur3/catkin_FrankaPanda/devel/share/common-lisp/ros/franka_core_msgs/msg/_package_EndPointState.lisp)
Linked: (/home/ur3/catkin_FrankaPanda/devel/.private/franka_core_msgs/share/common-lisp/ros/franka_core_msgs/msg/JointControllerStates.lisp, /home/ur3/catkin_FrankaPanda/devel/share/common-lisp/ros/franka_core_msgs/msg/JointControllerStates.lisp)
Linked: (/home/ur3/catkin_FrankaPanda/devel/.private/franka_core_msgs/share/common-lisp/ros/franka_core_msgs/msg/RobotState.lisp, /home/ur3/catkin_FrankaPanda/devel/share/common-lisp/ros/franka_core_msgs/msg/RobotState.lisp)
Linked: (/home/ur3/catkin_FrankaPanda/devel/.private/franka_core_msgs/share/common-lisp/ros/franka_core_msgs/msg/franka_core_msgs-msg.asd, /home/ur3/catkin_FrankaPanda/devel/share/common-lisp/ros/franka_core_msgs/msg/franka_core_msgs-msg.asd)
Linked: (/home/ur3/catkin_FrankaPanda/devel/.private/franka_core_msgs/share/gennodejs/ros/franka_core_msgs/_index.js, /home/ur3/catkin_FrankaPanda/devel/share/gennodejs/ros/franka_core_msgs/_index.js)
Linked: (/home/ur3/catkin_FrankaPanda/devel/.private/franka_core_msgs/share/gennodejs/ros/franka_core_msgs/msg/RobotState.js, /home/ur3/catkin_FrankaPanda/devel/share/gennodejs/ros/franka_core_msgs/msg/RobotState.js)
Linked: (/home/ur3/catkin_FrankaPanda/devel/.private/franka_core_msgs/share/gennodejs/ros/franka_core_msgs/msg/JointCommand.js, /home/ur3/catkin_FrankaPanda/devel/share/gennodejs/ros/franka_core_msgs/msg/JointCommand.js)
Linked: (/home/ur3/catkin_FrankaPanda/devel/.private/franka_core_msgs/share/gennodejs/ros/franka_core_msgs/msg/JointLimits.js, /home/ur3/catkin_FrankaPanda/devel/share/gennodejs/ros/franka_core_msgs/msg/JointLimits.js)
Linked: (/home/ur3/catkin_FrankaPanda/devel/.private/franka_core_msgs/share/gennodejs/ros/franka_core_msgs/msg/JointControllerStates.js, /home/ur3/catkin_FrankaPanda/devel/share/gennodejs/ros/franka_core_msgs/msg/JointControllerStates.js)
Linked: (/home/ur3/catkin_FrankaPanda/devel/.private/franka_core_msgs/share/gennodejs/ros/franka_core_msgs/msg/EndPointState.js, /home/ur3/catkin_FrankaPanda/devel/share/gennodejs/ros/franka_core_msgs/msg/EndPointState.js)
Linked: (/home/ur3/catkin_FrankaPanda/devel/.private/franka_core_msgs/share/gennodejs/ros/franka_core_msgs/msg/_index.js, /home/ur3/catkin_FrankaPanda/devel/share/gennodejs/ros/franka_core_msgs/msg/_index.js)
Linked: (/home/ur3/catkin_FrankaPanda/devel/.private/franka_core_msgs/share/roseus/ros/franka_core_msgs/manifest.l, /home/ur3/catkin_FrankaPanda/devel/share/roseus/ros/franka_core_msgs/manifest.l)
Linked: (/home/ur3/catkin_FrankaPanda/devel/.private/franka_core_msgs/share/roseus/ros/franka_core_msgs/msg/EndPointState.l, /home/ur3/catkin_FrankaPanda/devel/share/roseus/ros/franka_core_msgs/msg/EndPointState.l)
Linked: (/home/ur3/catkin_FrankaPanda/devel/.private/franka_core_msgs/share/roseus/ros/franka_core_msgs/msg/JointControllerStates.l, /home/ur3/catkin_FrankaPanda/devel/share/roseus/ros/franka_core_msgs/msg/JointControllerStates.l)
Linked: (/home/ur3/catkin_FrankaPanda/devel/.private/franka_core_msgs/share/roseus/ros/franka_core_msgs/msg/JointCommand.l, /home/ur3/catkin_FrankaPanda/devel/share/roseus/ros/franka_core_msgs/msg/JointCommand.l)
Linked: (/home/ur3/catkin_FrankaPanda/devel/.private/franka_core_msgs/share/roseus/ros/franka_core_msgs/msg/RobotState.l, /home/ur3/catkin_FrankaPanda/devel/share/roseus/ros/franka_core_msgs/msg/RobotState.l)
Linked: (/home/ur3/catkin_FrankaPanda/devel/.private/franka_core_msgs/share/roseus/ros/franka_core_msgs/msg/JointLimits.l, /home/ur3/catkin_FrankaPanda/devel/share/roseus/ros/franka_core_msgs/msg/JointLimits.l)
Linked: (/home/ur3/catkin_FrankaPanda/devel/.private/franka_core_msgs/include/franka_core_msgs/JointLimits.h, /home/ur3/catkin_FrankaPanda/devel/include/franka_core_msgs/JointLimits.h)
Linked: (/home/ur3/catkin_FrankaPanda/devel/.private/franka_core_msgs/include/franka_core_msgs/JointCommand.h, /home/ur3/catkin_FrankaPanda/devel/include/franka_core_msgs/JointCommand.h)
Linked: (/home/ur3/catkin_FrankaPanda/devel/.private/franka_core_msgs/include/franka_core_msgs/JointControllerStates.h, /home/ur3/catkin_FrankaPanda/devel/include/franka_core_msgs/JointControllerStates.h)
Linked: (/home/ur3/catkin_FrankaPanda/devel/.private/franka_core_msgs/include/franka_core_msgs/EndPointState.h, /home/ur3/catkin_FrankaPanda/devel/include/franka_core_msgs/EndPointState.h)
Linked: (/home/ur3/catkin_FrankaPanda/devel/.private/franka_core_msgs/include/franka_core_msgs/RobotState.h, /home/ur3/catkin_FrankaPanda/devel/include/franka_core_msgs/RobotState.h)
Linked: (/home/ur3/catkin_FrankaPanda/devel/.private/franka_core_msgs/lib/pkgconfig/franka_core_msgs.pc, /home/ur3/catkin_FrankaPanda/devel/lib/pkgconfig/franka_core_msgs.pc)
Linked: (/home/ur3/catkin_FrankaPanda/devel/.private/franka_core_msgs/lib/python3/dist-packages/franka_core_msgs/__init__.py, /home/ur3/catkin_FrankaPanda/devel/lib/python3/dist-packages/franka_core_msgs/__init__.py)
Linked: (/home/ur3/catkin_FrankaPanda/devel/.private/franka_core_msgs/lib/python3/dist-packages/franka_core_msgs/msg/_JointCommand.py, /home/ur3/catkin_FrankaPanda/devel/lib/python3/dist-packages/franka_core_msgs/msg/_JointCommand.py)
Linked: (/home/ur3/catkin_FrankaPanda/devel/.private/franka_core_msgs/lib/python3/dist-packages/franka_core_msgs/msg/__init__.py, /home/ur3/catkin_FrankaPanda/devel/lib/python3/dist-packages/franka_core_msgs/msg/__init__.py)
Linked: (/home/ur3/catkin_FrankaPanda/devel/.private/franka_core_msgs/lib/python3/dist-packages/franka_core_msgs/msg/_EndPointState.py, /home/ur3/catkin_FrankaPanda/devel/lib/python3/dist-packages/franka_core_msgs/msg/_EndPointState.py)
Linked: (/home/ur3/catkin_FrankaPanda/devel/.private/franka_core_msgs/lib/python3/dist-packages/franka_core_msgs/msg/_RobotState.py, /home/ur3/catkin_FrankaPanda/devel/lib/python3/dist-packages/franka_core_msgs/msg/_RobotState.py)
Linked: (/home/ur3/catkin_FrankaPanda/devel/.private/franka_core_msgs/lib/python3/dist-packages/franka_core_msgs/msg/_JointLimits.py, /home/ur3/catkin_FrankaPanda/devel/lib/python3/dist-packages/franka_core_msgs/msg/_JointLimits.py)
Linked: (/home/ur3/catkin_FrankaPanda/devel/.private/franka_core_msgs/lib/python3/dist-packages/franka_core_msgs/msg/_JointControllerStates.py, /home/ur3/catkin_FrankaPanda/devel/lib/python3/dist-packages/franka_core_msgs/msg/_JointControllerStates.py)
