[ 14%] [32m[1mLinking CXX shared library /home/ur3/catkin_FrankaPanda/devel/.private/panda_gazebo/lib/libpanda_robot_hw_sim.so[0m
[ 28%] Built target panda_robot_hw_sim
[ 28%] Built target dynamic_reconfigure_generate_messages_eus
[ 28%] Built target panda_sim_custom_action_server_gencfg
[ 28%] Built target franka_msgs_generate_messages_nodejs
[ 28%] Built target franka_msgs_generate_messages_py
[ 28%] Built target franka_msgs_generate_messages_lisp
[ 28%] Built target franka_msgs_generate_messages_eus
[ 28%] Built target franka_core_msgs_generate_messages_nodejs
[ 28%] Built target franka_core_msgs_generate_messages_lisp
[ 28%] Built target franka_core_msgs_generate_messages_eus
[ 28%] Built target control_msgs_generate_messages_py
[ 28%] Built target control_msgs_generate_messages_cpp
[ 28%] Built target control_toolbox_generate_messages_lisp
[ 28%] Built target control_toolbox_generate_messages_eus
[ 28%] Built target control_toolbox_gencfg
[ 28%] Built target controller_manager_msgs_generate_messages_nodejs
[ 28%] Built target controller_manager_msgs_generate_messages_eus
[ 28%] Built target controller_manager_msgs_generate_messages_cpp
[ 28%] Built target trajectory_msgs_generate_messages_nodejs
[ 28%] Built target trajectory_msgs_generate_messages_lisp
[ 28%] Built target control_toolbox_generate_messages_py
[ 28%] Built target trajectory_msgs_generate_messages_cpp
[ 28%] Built target gazebo_msgs_generate_messages_py
[ 28%] Built target gazebo_msgs_generate_messages_nodejs
[ 28%] Built target franka_msgs_generate_messages_cpp
[ 28%] Built target gazebo_msgs_generate_messages_cpp
[ 28%] Built target dynamic_reconfigure_gencfg
[ 28%] Built target geometry_msgs_generate_messages_eus
[ 28%] Built target std_msgs_generate_messages_nodejs
[ 28%] Built target sensor_msgs_generate_messages_cpp
[ 28%] Built target std_msgs_generate_messages_py
[ 28%] Built target std_msgs_generate_messages_cpp
[ 28%] Built target rosgraph_msgs_generate_messages_nodejs
[ 28%] Built target actionlib_generate_messages_cpp
[ 28%] Built target actionlib_msgs_generate_messages_py
[ 28%] Built target franka_core_msgs_generate_messages_cpp
[ 28%] Built target control_toolbox_generate_messages_nodejs
[ 28%] Built target controller_manager_msgs_generate_messages_lisp
[ 28%] Built target roscpp_generate_messages_lisp
[ 28%] Built target actionlib_generate_messages_lisp
[ 28%] Built target std_msgs_generate_messages_lisp
[ 28%] Built target std_srvs_generate_messages_cpp
[ 28%] Built target std_srvs_generate_messages_nodejs
[ 28%] Built target tf_generate_messages_eus
[ 28%] Built target rosgraph_msgs_generate_messages_lisp
[ 28%] Built target control_msgs_generate_messages_nodejs
[ 28%] Built target dynamic_reconfigure_generate_messages_py
[ 28%] Built target actionlib_msgs_generate_messages_eus
[ 28%] Built target rosgraph_msgs_generate_messages_py
[ 28%] Built target roscpp_generate_messages_cpp
[ 28%] Built target control_toolbox_generate_messages_cpp
[ 28%] Built target trajectory_msgs_generate_messages_eus
[ 28%] Built target roscpp_generate_messages_py
[ 28%] Built target sensor_msgs_generate_messages_nodejs
[ 28%] Built target franka_core_msgs_generate_messages_py
[ 28%] Built target control_msgs_generate_messages_lisp
[ 28%] Built target sensor_msgs_generate_messages_eus
[ 28%] Built target sensor_msgs_generate_messages_lisp
[ 28%] Built target roscpp_generate_messages_eus
[ 28%] Built target geometry_msgs_generate_messages_cpp
[ 28%] Built target gazebo_msgs_generate_messages_lisp
[ 28%] Built target dynamic_reconfigure_generate_messages_nodejs
[ 28%] Built target tf2_msgs_generate_messages_py
[ 28%] Built target tf2_msgs_generate_messages_eus
[ 28%] Built target sensor_msgs_generate_messages_py
[ 28%] Built target geometry_msgs_generate_messages_lisp
[ 28%] Built target control_msgs_generate_messages_eus
[ 28%] Built target tf_generate_messages_cpp
[ 28%] Built target roscpp_generate_messages_nodejs
[ 28%] Built target std_srvs_generate_messages_py
[ 28%] Built target rosgraph_msgs_generate_messages_eus
[ 28%] Built target geometry_msgs_generate_messages_py
[ 28%] Built target gazebo_ros_gencfg
[ 28%] Built target std_srvs_generate_messages_eus
[ 28%] Built target std_srvs_generate_messages_lisp
[ 28%] Built target tf2_msgs_generate_messages_cpp
[ 28%] Built target dynamic_reconfigure_generate_messages_lisp
[ 28%] Built target tf_generate_messages_lisp
[ 28%] Built target dynamic_reconfigure_generate_messages_cpp
[ 28%] Built target tf_generate_messages_nodejs
[ 28%] Built target trajectory_msgs_generate_messages_py
[ 28%] Built target rosgraph_msgs_generate_messages_cpp
[ 28%] Built target actionlib_generate_messages_eus
[ 28%] Built target controller_manager_msgs_generate_messages_py
[ 28%] Built target actionlib_msgs_generate_messages_cpp
[ 28%] Built target actionlib_generate_messages_nodejs
[ 28%] Built target actionlib_generate_messages_py
[ 28%] Built target tf_generate_messages_py
[ 28%] Built target std_msgs_generate_messages_eus
[ 28%] Built target actionlib_msgs_generate_messages_nodejs
[ 28%] Built target actionlib_msgs_generate_messages_lisp
[ 28%] Built target tf2_msgs_generate_messages_lisp
[ 28%] Built target tf2_msgs_generate_messages_nodejs
[ 28%] Built target gazebo_msgs_generate_messages_eus
[ 28%] Built target geometry_msgs_generate_messages_nodejs
[35m[1mScanning dependencies of target panda_gazebo_ros_control[0m
[ 42%] [32mBuilding CXX object CMakeFiles/panda_gazebo_ros_control.dir/src/panda_gazebo_ros_control_plugin.cpp.o[0m
[ 57%] [32mBuilding CXX object CMakeFiles/panda_gazebo_ros_control.dir/src/arm_controller_interface.cpp.o[0m
[ 71%] [32mBuilding CXX object CMakeFiles/panda_gazebo_ros_control.dir/src/arm_kinematics_interface.cpp.o[0m
[ 85%] [32m[1mLinking CXX shared library /home/ur3/catkin_FrankaPanda/devel/.private/panda_gazebo/lib/libpanda_gazebo_ros_control.so[0m
[100%] Built target panda_gazebo_ros_control
